Сборка начата 23.12.2022 17:41:04.
Уровень детализации журнала: Normal.     1>Проект "D:\Структуры\2 курс 1 сем\laba9\laba9\laba9.vcxproj" в узле 2 (целевые объекты Build).
     1>InitializeBuildStatus:
         Обращение к "Debug\laba9.tlog\unsuccessfulbuild".
       ClCompile:
         C:\Program Files (x86)\Microsoft Visual Studio\2019\Community\VC\Tools\MSVC\14.29.30133\bin\HostX86\x86\CL.exe /c /ZI /JMC /nologo /W3 /WX- /diagnostics:column /sdl /Od /Oy- /D WIN32 /D _DEBUG /D _CONSOLE /D _UNICODE /D UNICODE /Gm- /EHsc /RTC1 /MDd /GS /fp:precise /permissive- /Zc:wchar_t /Zc:forScope /Zc:inline /Fo"Debug\\" /Fd"Debug\vc142.pdb" /external:W3 /Gd /TP /analyze- /FC /errorReport:prompt laba9.cpp
         laba9.cpp
     1>D:\Структуры\2 курс 1 сем\laba9\laba9\laba9.cpp(45,20): warning C4018: <: несоответствие типов со знаком и без знака
     1>D:\Структуры\2 курс 1 сем\laba9\laba9\laba9.cpp(86,20): warning C4018: <: несоответствие типов со знаком и без знака
       Link:
         C:\Program Files (x86)\Microsoft Visual Studio\2019\Community\VC\Tools\MSVC\14.29.30133\bin\HostX86\x86\link.exe /ERRORREPORT:PROMPT /OUT:"D:\Структуры\2 курс 1 сем\laba9\Debug\laba9.exe" /INCREMENTAL /ILK:"Debug\laba9.ilk" /NOLOGO kernel32.lib user32.lib gdi32.lib winspool.lib comdlg32.lib advapi32.lib shell32.lib ole32.lib oleaut32.lib uuid.lib odbc32.lib odbccp32.lib /MANIFEST /MANIFESTUAC:"level='asInvoker' uiAccess='false'" /manifest:embed /DEBUG /PDB:"D:\Структуры\2 курс 1 сем\laba9\Debug\laba9.pdb" /SUBSYSTEM:CONSOLE /TLBID:1 /DYNAMICBASE /NXCOMPAT /IMPLIB:"D:\Структуры\2 курс 1 сем\laba9\Debug\laba9.lib" /MACHINE:X86 Debug\laba9.obj
         laba9.vcxproj -> D:\Структуры\2 курс 1 сем\laba9\Debug\laba9.exe
       FinalizeBuildStatus:
         Файл "Debug\laba9.tlog\unsuccessfulbuild" удаляется.
         Обращение к "Debug\laba9.tlog\laba9.lastbuildstate".
     1>Сборка проекта "D:\Структуры\2 курс 1 сем\laba9\laba9\laba9.vcxproj" завершена (целевые объекты Build).

Сборка успешно завершена.

       "D:\Структуры\2 курс 1 сем\laba9\laba9\laba9.vcxproj" (целевой объект Build ) (1) ->
       (Целевой объект ClCompile) -> 
         D:\Структуры\2 курс 1 сем\laba9\laba9\laba9.cpp(45,20): warning C4018: <: несоответствие типов со знаком и без знака
         D:\Структуры\2 курс 1 сем\laba9\laba9\laba9.cpp(86,20): warning C4018: <: несоответствие типов со знаком и без знака

    Предупреждений: 2
    Ошибок: 0

Прошло времени 00:00:02.94
