Сборка начата 09.12.2022 16:38:54.
Уровень детализации журнала: Normal.     1>Проект "C:\Users\Discover\Documents\Структуры\2 курс 1 сем\laba6\laba6\laba6.vcxproj" в узле 2 (целевые объекты Build).
     1>InitializeBuildStatus:
         Создание "Debug\laba6.tlog\unsuccessfulbuild", так как было задано "AlwaysCreate".
       ClCompile:
         C:\Program Files (x86)\Microsoft Visual Studio\2019\Community\VC\Tools\MSVC\14.29.30133\bin\HostX86\x86\CL.exe /c /ZI /JMC /nologo /W3 /WX- /diagnostics:column /sdl /Od /Oy- /D WIN32 /D _DEBUG /D _CONSOLE /D _UNICODE /D UNICODE /Gm- /EHsc /RTC1 /MDd /GS /fp:precise /permissive- /Zc:wchar_t /Zc:forScope /Zc:inline /Fo"Debug\\" /Fd"Debug\vc142.pdb" /external:W3 /Gd /TP /analyze- /FC /errorReport:prompt Hafner.cpp laba6.cpp
         Hafner.cpp
     1>C:\Users\Discover\Documents\Структуры\2 курс 1 сем\laba6\laba6\Graff.h(77,21): warning C4018: <: несоответствие типов со знаком и без знака
     1>C:\Users\Discover\Documents\Структуры\2 курс 1 сем\laba6\laba6\Graff.h(90,21): warning C4018: <: несоответствие типов со знаком и без знака
     1>C:\Users\Discover\Documents\Структуры\2 курс 1 сем\laba6\laba6\Graff.h(108,22): warning C4018: <: несоответствие типов со знаком и без знака
         laba6.cpp
     1>C:\Users\Discover\Documents\Структуры\2 курс 1 сем\laba6\laba6\Graff.h(77,21): warning C4018: <: несоответствие типов со знаком и без знака
     1>C:\Users\Discover\Documents\Структуры\2 курс 1 сем\laba6\laba6\Graff.h(90,21): warning C4018: <: несоответствие типов со знаком и без знака
     1>C:\Users\Discover\Documents\Структуры\2 курс 1 сем\laba6\laba6\Graff.h(108,22): warning C4018: <: несоответствие типов со знаком и без знака
         Создание кода...
       Link:
         C:\Program Files (x86)\Microsoft Visual Studio\2019\Community\VC\Tools\MSVC\14.29.30133\bin\HostX86\x86\link.exe /ERRORREPORT:PROMPT /OUT:"C:\Users\Discover\Documents\Структуры\2 курс 1 сем\laba6\Debug\laba6.exe" /INCREMENTAL /ILK:"Debug\laba6.ilk" /NOLOGO kernel32.lib user32.lib gdi32.lib winspool.lib comdlg32.lib advapi32.lib shell32.lib ole32.lib oleaut32.lib uuid.lib odbc32.lib odbccp32.lib /MANIFEST /MANIFESTUAC:"level='asInvoker' uiAccess='false'" /manifest:embed /DEBUG /PDB:"C:\Users\Discover\Documents\Структуры\2 курс 1 сем\laba6\Debug\laba6.pdb" /SUBSYSTEM:CONSOLE /TLBID:1 /DYNAMICBASE /NXCOMPAT /IMPLIB:"C:\Users\Discover\Documents\Структуры\2 курс 1 сем\laba6\Debug\laba6.lib" /MACHINE:X86 Debug\Hafner.obj
         Debug\laba6.obj
         laba6.vcxproj -> C:\Users\Discover\Documents\Структуры\2 курс 1 сем\laba6\Debug\laba6.exe
       FinalizeBuildStatus:
         Файл "Debug\laba6.tlog\unsuccessfulbuild" удаляется.
         Обращение к "Debug\laba6.tlog\laba6.lastbuildstate".
     1>Сборка проекта "C:\Users\Discover\Documents\Структуры\2 курс 1 сем\laba6\laba6\laba6.vcxproj" завершена (целевые объекты Build).

Сборка успешно завершена.

       "C:\Users\Discover\Documents\Структуры\2 курс 1 сем\laba6\laba6\laba6.vcxproj" (целевой объект Build ) (1) ->
       (Целевой объект ClCompile) -> 
         C:\Users\Discover\Documents\Структуры\2 курс 1 сем\laba6\laba6\Graff.h(77,21): warning C4018: <: несоответствие типов со знаком и без знака
         C:\Users\Discover\Documents\Структуры\2 курс 1 сем\laba6\laba6\Graff.h(90,21): warning C4018: <: несоответствие типов со знаком и без знака
         C:\Users\Discover\Documents\Структуры\2 курс 1 сем\laba6\laba6\Graff.h(108,22): warning C4018: <: несоответствие типов со знаком и без знака
         C:\Users\Discover\Documents\Структуры\2 курс 1 сем\laba6\laba6\Graff.h(77,21): warning C4018: <: несоответствие типов со знаком и без знака
         C:\Users\Discover\Documents\Структуры\2 курс 1 сем\laba6\laba6\Graff.h(90,21): warning C4018: <: несоответствие типов со знаком и без знака
         C:\Users\Discover\Documents\Структуры\2 курс 1 сем\laba6\laba6\Graff.h(108,22): warning C4018: <: несоответствие типов со знаком и без знака

    Предупреждений: 6
    Ошибок: 0

Прошло времени 00:00:03.11
