Сборка начата 19.12.2022 17:41:39.
Уровень детализации журнала: Normal.     1>Проект "D:\Виртуалки\laba5\laba5\laba5.vcxproj" в узле 2 (целевые объекты Build).
     1>InitializeBuildStatus:
         Создание "Debug\laba5.tlog\unsuccessfulbuild", так как было задано "AlwaysCreate".
       ClCompile:
         C:\Program Files (x86)\Microsoft Visual Studio\2019\Community\VC\Tools\MSVC\14.29.30133\bin\HostX86\x86\CL.exe /c /ZI /JMC /nologo /W3 /WX- /diagnostics:column /sdl /Od /Oy- /D WIN32 /D _DEBUG /D _CONSOLE /D _UNICODE /D UNICODE /Gm- /EHsc /RTC1 /MDd /GS /fp:precise /permissive- /Zc:wchar_t /Zc:forScope /Zc:inline /Fo"Debug\\" /Fd"Debug\vc142.pdb" /external:W3 /Gd /TP /analyze- /FC /errorReport:prompt laba5.cpp
         laba5.cpp
     1>D:\Виртуалки\laba5\laba5\laba5.cpp(12,1): warning C4005: IP_DEST_NET_UNREACHABLE: изменение макроопределения
       C:\Program Files (x86)\Windows Kits\10\Include\10.0.19041.0\um\ipexport.h(173): message : см. предыдущее определение "IP_DEST_NET_UNREACHABLE"
     1>D:\Виртуалки\laba5\laba5\laba5.cpp(13,1): warning C4005: IP_DEST_HOST_UNREACHABLE: изменение макроопределения
       C:\Program Files (x86)\Windows Kits\10\Include\10.0.19041.0\um\ipexport.h(174): message : см. предыдущее определение "IP_DEST_HOST_UNREACHABLE"
     1>D:\Виртуалки\laba5\laba5\laba5.cpp(14,1): warning C4005: IP_DEST_PROT_UNREACHABLE: изменение макроопределения
       C:\Program Files (x86)\Windows Kits\10\Include\10.0.19041.0\um\ipexport.h(175): message : см. предыдущее определение "IP_DEST_PROT_UNREACHABLE"
     1>D:\Виртуалки\laba5\laba5\laba5.cpp(15,1): warning C4005: IP_DEST_PORT_UNREACHABLE: изменение макроопределения
       C:\Program Files (x86)\Windows Kits\10\Include\10.0.19041.0\um\ipexport.h(176): message : см. предыдущее определение "IP_DEST_PORT_UNREACHABLE"
     1>D:\Виртуалки\laba5\laba5\laba5.cpp(16,1): warning C4005: IP_REQ_TIMED_OUT: изменение макроопределения
       C:\Program Files (x86)\Windows Kits\10\Include\10.0.19041.0\um\ipexport.h(181): message : см. предыдущее определение "IP_REQ_TIMED_OUT"
     1>D:\Виртуалки\laba5\laba5\laba5.cpp(17,1): warning C4005: IP_BAD_REQ: изменение макроопределения
       C:\Program Files (x86)\Windows Kits\10\Include\10.0.19041.0\um\ipexport.h(182): message : см. предыдущее определение "IP_BAD_REQ"
     1>D:\Виртуалки\laba5\laba5\laba5.cpp(18,1): warning C4005: IP_BAD_ROUTE: изменение макроопределения
       C:\Program Files (x86)\Windows Kits\10\Include\10.0.19041.0\um\ipexport.h(183): message : см. предыдущее определение "IP_BAD_ROUTE"
     1>D:\Виртуалки\laba5\laba5\laba5.cpp(19,1): warning C4005: IP_TTL_EXPIRED_TRANSIT: изменение макроопределения
       C:\Program Files (x86)\Windows Kits\10\Include\10.0.19041.0\um\ipexport.h(184): message : см. предыдущее определение "IP_TTL_EXPIRED_TRANSIT"
       Link:
         C:\Program Files (x86)\Microsoft Visual Studio\2019\Community\VC\Tools\MSVC\14.29.30133\bin\HostX86\x86\link.exe /ERRORREPORT:PROMPT /OUT:"D:\Виртуалки\laba5\Debug\laba5.exe" /INCREMENTAL /ILK:"Debug\laba5.ilk" /NOLOGO kernel32.lib user32.lib gdi32.lib winspool.lib comdlg32.lib advapi32.lib shell32.lib ole32.lib oleaut32.lib uuid.lib odbc32.lib odbccp32.lib /MANIFEST /MANIFESTUAC:"level='asInvoker' uiAccess='false'" /manifest:embed /DEBUG /PDB:"D:\Виртуалки\laba5\Debug\laba5.pdb" /SUBSYSTEM:CONSOLE /TLBID:1 /DYNAMICBASE /NXCOMPAT /IMPLIB:"D:\Виртуалки\laba5\Debug\laba5.lib" /MACHINE:X86 Debug\laba5.obj
         laba5.vcxproj -> D:\Виртуалки\laba5\Debug\laba5.exe
       FinalizeBuildStatus:
         Файл "Debug\laba5.tlog\unsuccessfulbuild" удаляется.
         Обращение к "Debug\laba5.tlog\laba5.lastbuildstate".
     1>Сборка проекта "D:\Виртуалки\laba5\laba5\laba5.vcxproj" завершена (целевые объекты Build).

Сборка успешно завершена.

       "D:\Виртуалки\laba5\laba5\laba5.vcxproj" (целевой объект Build ) (1) ->
       (Целевой объект ClCompile) -> 
         D:\Виртуалки\laba5\laba5\laba5.cpp(12,1): warning C4005: IP_DEST_NET_UNREACHABLE: изменение макроопределения
         D:\Виртуалки\laba5\laba5\laba5.cpp(13,1): warning C4005: IP_DEST_HOST_UNREACHABLE: изменение макроопределения
         D:\Виртуалки\laba5\laba5\laba5.cpp(14,1): warning C4005: IP_DEST_PROT_UNREACHABLE: изменение макроопределения
         D:\Виртуалки\laba5\laba5\laba5.cpp(15,1): warning C4005: IP_DEST_PORT_UNREACHABLE: изменение макроопределения
         D:\Виртуалки\laba5\laba5\laba5.cpp(16,1): warning C4005: IP_REQ_TIMED_OUT: изменение макроопределения
         D:\Виртуалки\laba5\laba5\laba5.cpp(17,1): warning C4005: IP_BAD_REQ: изменение макроопределения
         D:\Виртуалки\laba5\laba5\laba5.cpp(18,1): warning C4005: IP_BAD_ROUTE: изменение макроопределения
         D:\Виртуалки\laba5\laba5\laba5.cpp(19,1): warning C4005: IP_TTL_EXPIRED_TRANSIT: изменение макроопределения

    Предупреждений: 8
    Ошибок: 0

Прошло времени 00:00:02.03
