Сборка начата 23.12.2022 16:59:54.
Уровень детализации журнала: Normal.     1>Проект "D:\Структуры\2 курс 1 сем\laba7\laba7\laba7.vcxproj" в узле 2 (целевые объекты Build).
     1>InitializeBuildStatus:
         Создание "x64\Debug\laba7.tlog\unsuccessfulbuild", так как было задано "AlwaysCreate".
       ClCompile:
         C:\Program Files (x86)\Microsoft Visual Studio\2019\Community\VC\Tools\MSVC\14.29.30133\bin\HostX86\x64\CL.exe /c /ZI /JMC /nologo /W3 /WX- /diagnostics:column /sdl /Od /D _DEBUG /D _CONSOLE /D _UNICODE /D UNICODE /Gm- /EHsc /RTC1 /MDd /GS /fp:precise /permissive- /Zc:wchar_t /Zc:forScope /Zc:inline /Fo"x64\Debug\\" /Fd"x64\Debug\vc142.pdb" /external:W3 /Gd /TP /FC /errorReport:prompt laba7.cpp
         laba7.cpp
     1>D:\Структуры\2 курс 1 сем\laba7\laba7\laba7.cpp(4,13): warning C4326: возвращаемый тип "main" должен быть "int", а не "void"
       Link:
         C:\Program Files (x86)\Microsoft Visual Studio\2019\Community\VC\Tools\MSVC\14.29.30133\bin\HostX86\x64\link.exe /ERRORREPORT:PROMPT /OUT:"D:\Структуры\2 курс 1 сем\laba7\x64\Debug\laba7.exe" /INCREMENTAL /ILK:"x64\Debug\laba7.ilk" /NOLOGO kernel32.lib user32.lib gdi32.lib winspool.lib comdlg32.lib advapi32.lib shell32.lib ole32.lib oleaut32.lib uuid.lib odbc32.lib odbccp32.lib /MANIFEST /MANIFESTUAC:"level='asInvoker' uiAccess='false'" /manifest:embed /DEBUG /PDB:"D:\Структуры\2 курс 1 сем\laba7\x64\Debug\laba7.pdb" /SUBSYSTEM:CONSOLE /TLBID:1 /DYNAMICBASE /NXCOMPAT /IMPLIB:"D:\Структуры\2 курс 1 сем\laba7\x64\Debug\laba7.lib" /MACHINE:X64 x64\Debug\laba7.obj
         laba7.vcxproj -> D:\Структуры\2 курс 1 сем\laba7\x64\Debug\laba7.exe
       FinalizeBuildStatus:
         Файл "x64\Debug\laba7.tlog\unsuccessfulbuild" удаляется.
         Обращение к "x64\Debug\laba7.tlog\laba7.lastbuildstate".
     1>Сборка проекта "D:\Структуры\2 курс 1 сем\laba7\laba7\laba7.vcxproj" завершена (целевые объекты Build).

Сборка успешно завершена.

       "D:\Структуры\2 курс 1 сем\laba7\laba7\laba7.vcxproj" (целевой объект Build ) (1) ->
       (Целевой объект ClCompile) -> 
         D:\Структуры\2 курс 1 сем\laba7\laba7\laba7.cpp(4,13): warning C4326: возвращаемый тип "main" должен быть "int", а не "void"

    Предупреждений: 1
    Ошибок: 0

Прошло времени 00:00:02.18
