Сборка начата 16.12.2022 16:28:37.
Уровень детализации журнала: Normal.     1>Проект "D:\Структуры\2 курс 1 сем\laba8\laba8\laba8.vcxproj" в узле 2 (целевые объекты Build).
     1>PrepareForBuild:
         Создание каталога "D:\Структуры\2 курс 1 сем\laba8\Debug\".
         Создание каталога "Debug\laba8.tlog\".
       InitializeBuildStatus:
         Создание "Debug\laba8.tlog\unsuccessfulbuild", так как было задано "AlwaysCreate".
       ClCompile:
         C:\Program Files (x86)\Microsoft Visual Studio\2019\Community\VC\Tools\MSVC\14.29.30133\bin\HostX86\x86\CL.exe /c /ZI /JMC /nologo /W3 /WX- /diagnostics:column /sdl /Od /Oy- /D WIN32 /D _DEBUG /D _CONSOLE /D _UNICODE /D UNICODE /Gm- /EHsc /RTC1 /MDd /GS /fp:precise /permissive- /Zc:wchar_t /Zc:forScope /Zc:inline /Fo"Debug\\" /Fd"Debug\vc142.pdb" /external:W3 /Gd /TP /analyze- /FC /errorReport:prompt laba8.cpp
         laba8.cpp
     1>D:\Структуры\2 курс 1 сем\laba8\laba8\laba8.cpp(8,1): warning C4326: возвращаемый тип "main" должен быть "int", а не "void"
       Link:
         C:\Program Files (x86)\Microsoft Visual Studio\2019\Community\VC\Tools\MSVC\14.29.30133\bin\HostX86\x86\link.exe /ERRORREPORT:PROMPT /OUT:"D:\Структуры\2 курс 1 сем\laba8\Debug\laba8.exe" /INCREMENTAL /ILK:"Debug\laba8.ilk" /NOLOGO kernel32.lib user32.lib gdi32.lib winspool.lib comdlg32.lib advapi32.lib shell32.lib ole32.lib oleaut32.lib uuid.lib odbc32.lib odbccp32.lib /MANIFEST /MANIFESTUAC:"level='asInvoker' uiAccess='false'" /manifest:embed /DEBUG /PDB:"D:\Структуры\2 курс 1 сем\laba8\Debug\laba8.pdb" /SUBSYSTEM:CONSOLE /TLBID:1 /DYNAMICBASE /NXCOMPAT /IMPLIB:"D:\Структуры\2 курс 1 сем\laba8\Debug\laba8.lib" /MACHINE:X86 Debug\laba8.obj
         laba8.vcxproj -> D:\Структуры\2 курс 1 сем\laba8\Debug\laba8.exe
       FinalizeBuildStatus:
         Файл "Debug\laba8.tlog\unsuccessfulbuild" удаляется.
         Обращение к "Debug\laba8.tlog\laba8.lastbuildstate".
     1>Сборка проекта "D:\Структуры\2 курс 1 сем\laba8\laba8\laba8.vcxproj" завершена (целевые объекты Build).

Сборка успешно завершена.

       "D:\Структуры\2 курс 1 сем\laba8\laba8\laba8.vcxproj" (целевой объект Build ) (1) ->
       (Целевой объект ClCompile) -> 
         D:\Структуры\2 курс 1 сем\laba8\laba8\laba8.cpp(8,1): warning C4326: возвращаемый тип "main" должен быть "int", а не "void"

    Предупреждений: 1
    Ошибок: 0

Прошло времени 00:00:02.76
