Сборка начата 25.12.2022 17:48:41.
Уровень детализации журнала: Normal.     1>Проект "D:\Виртуалки\laba6\laba6\laba6.vcxproj" в узле 2 (целевые объекты Build).
     1>PrepareForBuild:
         Создание каталога "D:\Виртуалки\laba6\Debug\".
         Создание каталога "Debug\laba6.tlog\".
       InitializeBuildStatus:
         Создание "Debug\laba6.tlog\unsuccessfulbuild", так как было задано "AlwaysCreate".
       ClCompile:
         C:\Program Files (x86)\Microsoft Visual Studio\2019\Community\VC\Tools\MSVC\14.29.30133\bin\HostX86\x86\CL.exe /c /ZI /JMC /nologo /W3 /WX- /diagnostics:column /sdl /Od /Oy- /D WIN32 /D _DEBUG /D _CONSOLE /D _UNICODE /D UNICODE /Gm- /EHsc /RTC1 /MDd /GS /fp:precise /permissive- /Zc:wchar_t /Zc:forScope /Zc:inline /Fo"Debug\\" /Fd"Debug\vc142.pdb" /external:W3 /Gd /TP /analyze- /FC /errorReport:prompt laba6.cpp
         laba6.cpp
       Link:
         C:\Program Files (x86)\Microsoft Visual Studio\2019\Community\VC\Tools\MSVC\14.29.30133\bin\HostX86\x86\link.exe /ERRORREPORT:PROMPT /OUT:"D:\Виртуалки\laba6\Debug\laba6.exe" /INCREMENTAL /ILK:"Debug\laba6.ilk" /NOLOGO kernel32.lib user32.lib gdi32.lib winspool.lib comdlg32.lib advapi32.lib shell32.lib ole32.lib oleaut32.lib uuid.lib odbc32.lib odbccp32.lib /MANIFEST /MANIFESTUAC:"level='asInvoker' uiAccess='false'" /manifest:embed /DEBUG /PDB:"D:\Виртуалки\laba6\Debug\laba6.pdb" /SUBSYSTEM:CONSOLE /TLBID:1 /DYNAMICBASE /NXCOMPAT /IMPLIB:"D:\Виртуалки\laba6\Debug\laba6.lib" /MACHINE:X86 Debug\laba6.obj
         laba6.vcxproj -> D:\Виртуалки\laba6\Debug\laba6.exe
       FinalizeBuildStatus:
         Файл "Debug\laba6.tlog\unsuccessfulbuild" удаляется.
         Обращение к "Debug\laba6.tlog\laba6.lastbuildstate".
     1>Сборка проекта "D:\Виртуалки\laba6\laba6\laba6.vcxproj" завершена (целевые объекты Build).

Сборка успешно завершена.
    Предупреждений: 0
    Ошибок: 0

Прошло времени 00:00:02.49
