Сборка начата 19.09.2022 20:31:37.
Уровень детализации журнала: Normal.     1>Проект "C:\Users\Discover\Documents\Структуры\2 курс 1 сем\1 лаба версия шимана\1 лаба версия шимана\1 лаба версия шимана.vcxproj" в узле 2 (целевые объекты Build).
     1>PrepareForBuild:
         Создание каталога "C:\Users\Discover\Documents\Структуры\2 курс 1 сем\1 лаба версия шимана\Debug\".
         Создание каталога "Debug\1 лаба в.03e89e91.tlog\".
       InitializeBuildStatus:
         Создание "Debug\1 лаба в.03e89e91.tlog\unsuccessfulbuild", так как было задано "AlwaysCreate".
       ClCompile:
         C:\Program Files (x86)\Microsoft Visual Studio\2019\Community\VC\Tools\MSVC\14.29.30133\bin\HostX86\x86\CL.exe /c /ZI /JMC /nologo /W3 /WX- /diagnostics:column /sdl /Od /Oy- /D WIN32 /D _DEBUG /D _CONSOLE /D _UNICODE /D UNICODE /Gm- /EHsc /RTC1 /MDd /GS /fp:precise /permissive- /Zc:wchar_t /Zc:forScope /Zc:inline /Fo"Debug\\" /Fd"Debug\vc142.pdb" /external:W3 /Gd /TP /analyze- /FC /errorReport:prompt Source.cpp
         Source.cpp
       Link:
         C:\Program Files (x86)\Microsoft Visual Studio\2019\Community\VC\Tools\MSVC\14.29.30133\bin\HostX86\x86\link.exe /ERRORREPORT:PROMPT /OUT:"C:\Users\Discover\Documents\Структуры\2 курс 1 сем\1 лаба версия шимана\Debug\1 лаба версия шимана.exe" /INCREMENTAL /ILK:"Debug\1 лаба версия шимана.ilk" /NOLOGO kernel32.lib user32.lib gdi32.lib winspool.lib comdlg32.lib advapi32.lib shell32.lib ole32.lib oleaut32.lib uuid.lib odbc32.lib odbccp32.lib /MANIFEST /MANIFESTUAC:"level='asInvoker' uiAccess='false'" /manifest:embed /DEBUG /PDB:"C:\Users\Discover\Documents\Структуры\2 курс 1 сем\1 лаба версия шимана\Debug\1 лаба версия шимана.pdb" /SUBSYSTEM:CONSOLE /TLBID:1 /DYNAMICBASE /NXCOMPAT /IMPLIB:"C:\Users\Discover\Documents\Структуры\2 курс 1 сем\1 лаба версия шимана\Debug\1 лаба версия шимана.lib" /MACHINE:X86 Debug\Source.obj
         1 лаба версия шимана.vcxproj -> C:\Users\Discover\Documents\Структуры\2 курс 1 сем\1 лаба версия шимана\Debug\1 лаба версия шимана.exe
       FinalizeBuildStatus:
         Файл "Debug\1 лаба в.03e89e91.tlog\unsuccessfulbuild" удаляется.
         Обращение к "Debug\1 лаба в.03e89e91.tlog\1 лаба версия шимана.lastbuildstate".
     1>Сборка проекта "C:\Users\Discover\Documents\Структуры\2 курс 1 сем\1 лаба версия шимана\1 лаба версия шимана\1 лаба версия шимана.vcxproj" завершена (целевые объекты Build).

Сборка успешно завершена.
    Предупреждений: 0
    Ошибок: 0

Прошло времени 00:00:01.41
