Сборка начата 23.09.2022 17:43:10.
Уровень детализации журнала: Normal.     1>Проект "C:\Users\Discover\Documents\Структуры\2 курс 1 сем\1 лаба\1 лаба\1 лаба.vcxproj" в узле 2 (целевые объекты Build).
     1>InitializeBuildStatus:
         Создание "Debug\1 лаба.tlog\unsuccessfulbuild", так как было задано "AlwaysCreate".
       ClCompile:
         C:\Program Files (x86)\Microsoft Visual Studio\2019\Community\VC\Tools\MSVC\14.29.30133\bin\HostX86\x86\CL.exe /c /ZI /JMC /nologo /W3 /WX- /diagnostics:column /sdl /Od /Oy- /D WIN32 /D _DEBUG /D _CONSOLE /D _UNICODE /D UNICODE /Gm- /EHsc /RTC1 /MDd /GS /fp:precise /permissive- /Zc:wchar_t /Zc:forScope /Zc:inline /Fo"Debug\\" /Fd"Debug\vc142.pdb" /external:W3 /Gd /TP /analyze- /FC /errorReport:prompt Source.cpp
         Source.cpp
       Link:
         C:\Program Files (x86)\Microsoft Visual Studio\2019\Community\VC\Tools\MSVC\14.29.30133\bin\HostX86\x86\link.exe /ERRORREPORT:PROMPT /OUT:"C:\Users\Discover\Documents\Структуры\2 курс 1 сем\1 лаба\Debug\1 лаба.exe" /INCREMENTAL /ILK:"Debug\1 лаба.ilk" /NOLOGO kernel32.lib user32.lib gdi32.lib winspool.lib comdlg32.lib advapi32.lib shell32.lib ole32.lib oleaut32.lib uuid.lib odbc32.lib odbccp32.lib /MANIFEST /MANIFESTUAC:"level='asInvoker' uiAccess='false'" /manifest:embed /DEBUG /PDB:"C:\Users\Discover\Documents\Структуры\2 курс 1 сем\1 лаба\Debug\1 лаба.pdb" /SUBSYSTEM:CONSOLE /TLBID:1 /DYNAMICBASE /NXCOMPAT /IMPLIB:"C:\Users\Discover\Documents\Структуры\2 курс 1 сем\1 лаба\Debug\1 лаба.lib" /MACHINE:X86 Debug\Source.obj
     1>C:\Program Files (x86)\Microsoft Visual Studio\2019\Community\MSBuild\Microsoft\VC\v160\Microsoft.CppCommon.targets(1074,5): error MSB6006: "link.exe" завершилась с кодом 1168.
     1>LINK : fatal error LNK1168: не удается открыть C:\Users\Discover\Documents\Структуры\2 курс 1 сем\1 лаба\Debug\1 лаба.exe для записи
     1>Сборка проекта "C:\Users\Discover\Documents\Структуры\2 курс 1 сем\1 лаба\1 лаба\1 лаба.vcxproj" завершена (целевые объекты Build) с ошибкой.

Ошибка сборки.

       "C:\Users\Discover\Documents\Структуры\2 курс 1 сем\1 лаба\1 лаба\1 лаба.vcxproj" (целевой объект Build ) (1) ->
       (Целевой объект Link) -> 
         C:\Program Files (x86)\Microsoft Visual Studio\2019\Community\MSBuild\Microsoft\VC\v160\Microsoft.CppCommon.targets(1074,5): error MSB6006: "link.exe" завершилась с кодом 1168.
         LINK : fatal error LNK1168: не удается открыть C:\Users\Discover\Documents\Структуры\2 курс 1 сем\1 лаба\Debug\1 лаба.exe для записи

    Предупреждений: 0
    Ошибок: 2

Прошло времени 00:00:00.77
